<?xml version="1.0" encoding="UTF-8"?>
<testng-results ignored="0" total="6" passed="4" failed="2" skipped="0">
  <reporter-output>
  </reporter-output>
  <suite started-at="2023-08-01T19:40:01 IST" name="Default suite" finished-at="2023-08-01T19:40:37 IST" duration-ms="36158">
    <groups>
      <group name="cucumber">
        <method signature="AbstractTestNGCucumberTests.runScenario(io.cucumber.testng.PickleWrapper,io.cucumber.testng.FeatureWrapper)[pri:0, instance:testRunner.TestRunnerFrameworkTestNG@548a24a]" name="runScenario" class="io.cucumber.testng.AbstractTestNGCucumberTests"/>
      </group> <!-- cucumber -->
    </groups>
    <test started-at="2023-08-01T19:40:01 IST" name="Default test" finished-at="2023-08-01T19:40:37 IST" duration-ms="36158">
      <class name="testRunner.TestRunnerFrameworkTestNG">
        <test-method is-config="true" signature="setUpClass(org.testng.ITestContext)[pri:0, instance:testRunner.TestRunnerFrameworkTestNG@548a24a]" started-at="2023-08-01T19:40:01 IST" name="setUpClass" finished-at="2023-08-01T19:40:04 IST" duration-ms="2386" status="PASS">
          <params>
            <param index="0">
              <value>
                <![CDATA[org.testng.TestRunner@2f508f3c]]>
              </value>
            </param>
          </params>
          <reporter-output>
          </reporter-output>
        </test-method> <!-- setUpClass -->
        <test-method signature="runScenario(io.cucumber.testng.PickleWrapper,io.cucumber.testng.FeatureWrapper)[pri:0, instance:testRunner.TestRunnerFrameworkTestNG@548a24a]" started-at="2023-08-01T19:40:04 IST" name="runScenario" description="Runs Cucumber Scenarios" data-provider="scenarios" finished-at="2023-08-01T19:40:30 IST" duration-ms="25707" status="PASS">
          <params>
            <param index="0">
              <value>
                <![CDATA["Search experience for product search in both home page and offer page"]]>
              </value>
            </param>
            <param index="1">
              <value>
                <![CDATA["Search and place order for products"]]>
              </value>
            </param>
          </params>
          <reporter-output>
          </reporter-output>
        </test-method> <!-- runScenario -->
        <test-method signature="runScenario(io.cucumber.testng.PickleWrapper,io.cucumber.testng.FeatureWrapper)[pri:0, instance:testRunner.TestRunnerFrameworkTestNG@548a24a]" started-at="2023-08-01T19:40:04 IST" name="runScenario" description="Runs Cucumber Scenarios" data-provider="scenarios" finished-at="2023-08-01T19:40:29 IST" duration-ms="25359" status="FAIL">
          <params>
            <param index="0">
              <value>
                <![CDATA["Search experience for product search in both home page and offer page"]]>
              </value>
            </param>
            <param index="1">
              <value>
                <![CDATA["Search and place order for products"]]>
              </value>
            </param>
          </params>
          <exception class="java.lang.AssertionError">
            <message>
              <![CDATA[expected [Beetroot] but found [No data]]]>
            </message>
            <full-stacktrace>
              <![CDATA[java.lang.AssertionError: expected [Beetroot] but found [No data]
at org.testng.Assert.fail(Assert.java:111)
at org.testng.Assert.failNotEquals(Assert.java:1578)
at org.testng.Assert.assertEqualsImpl(Assert.java:150)
at org.testng.Assert.assertEquals(Assert.java:132)
at org.testng.Assert.assertEquals(Assert.java:656)
at org.testng.Assert.assertEquals(Assert.java:666)
at stepDefinationFramework.OfferPageStepDefination.checks_if_product_exists(OfferPageStepDefination.java:33)
at ✽.checks if product exists(file:///D:/Eclipse%20Workspace/SeleniumPuneWorkspace/Cucumber/src/test/java/features/featureFile.feature:9)
]]>
            </full-stacktrace>
          </exception> <!-- java.lang.AssertionError -->
          <reporter-output>
          </reporter-output>
        </test-method> <!-- runScenario -->
        <test-method signature="runScenario(io.cucumber.testng.PickleWrapper,io.cucumber.testng.FeatureWrapper)[pri:0, instance:testRunner.TestRunnerFrameworkTestNG@548a24a]" started-at="2023-08-01T19:40:04 IST" name="runScenario" description="Runs Cucumber Scenarios" data-provider="scenarios" finished-at="2023-08-01T19:40:30 IST" duration-ms="26661" status="PASS">
          <params>
            <param index="0">
              <value>
                <![CDATA["Search experience for product search in both home page and offer page"]]>
              </value>
            </param>
            <param index="1">
              <value>
                <![CDATA["place order for products"]]>
              </value>
            </param>
          </params>
          <reporter-output>
          </reporter-output>
        </test-method> <!-- runScenario -->
        <test-method signature="runScenario(io.cucumber.testng.PickleWrapper,io.cucumber.testng.FeatureWrapper)[pri:0, instance:testRunner.TestRunnerFrameworkTestNG@548a24a]" started-at="2023-08-01T19:40:04 IST" name="runScenario" description="Runs Cucumber Scenarios" data-provider="scenarios" finished-at="2023-08-01T19:40:33 IST" duration-ms="29109" status="PASS">
          <params>
            <param index="0">
              <value>
                <![CDATA["Search experience for product search in both home page and offer page"]]>
              </value>
            </param>
            <param index="1">
              <value>
                <![CDATA["place order for products"]]>
              </value>
            </param>
          </params>
          <reporter-output>
          </reporter-output>
        </test-method> <!-- runScenario -->
        <test-method signature="runScenario(io.cucumber.testng.PickleWrapper,io.cucumber.testng.FeatureWrapper)[pri:0, instance:testRunner.TestRunnerFrameworkTestNG@548a24a]" started-at="2023-08-01T19:40:04 IST" name="runScenario" description="Runs Cucumber Scenarios" data-provider="scenarios" finished-at="2023-08-01T19:40:34 IST" duration-ms="30009" status="PASS">
          <params>
            <param index="0">
              <value>
                <![CDATA["Search experience for product search in both home page and offer page"]]>
              </value>
            </param>
            <param index="1">
              <value>
                <![CDATA["place order for products"]]>
              </value>
            </param>
          </params>
          <reporter-output>
          </reporter-output>
        </test-method> <!-- runScenario -->
        <test-method signature="runScenario(io.cucumber.testng.PickleWrapper,io.cucumber.testng.FeatureWrapper)[pri:0, instance:testRunner.TestRunnerFrameworkTestNG@548a24a]" started-at="2023-08-01T19:40:04 IST" name="runScenario" description="Runs Cucumber Scenarios" data-provider="scenarios" finished-at="2023-08-01T19:40:36 IST" duration-ms="32291" status="FAIL">
          <params>
            <param index="0">
              <value>
                <![CDATA["Search experience for product search in both home page and offer page"]]>
              </value>
            </param>
            <param index="1">
              <value>
                <![CDATA["Search and place order for products"]]>
              </value>
            </param>
          </params>
          <exception class="java.lang.AssertionError">
            <message>
              <![CDATA[expected [Brocolli] but found [No data]]]>
            </message>
            <full-stacktrace>
              <![CDATA[java.lang.AssertionError: expected [Brocolli] but found [No data]
at org.testng.Assert.fail(Assert.java:111)
at org.testng.Assert.failNotEquals(Assert.java:1578)
at org.testng.Assert.assertEqualsImpl(Assert.java:150)
at org.testng.Assert.assertEquals(Assert.java:132)
at org.testng.Assert.assertEquals(Assert.java:656)
at org.testng.Assert.assertEquals(Assert.java:666)
at stepDefinationFramework.OfferPageStepDefination.checks_if_product_exists(OfferPageStepDefination.java:33)
at ✽.checks if product exists(file:///D:/Eclipse%20Workspace/SeleniumPuneWorkspace/Cucumber/src/test/java/features/featureFile.feature:9)
]]>
            </full-stacktrace>
          </exception> <!-- java.lang.AssertionError -->
          <reporter-output>
          </reporter-output>
        </test-method> <!-- runScenario -->
        <test-method is-config="true" signature="tearDownClass()[pri:0, instance:testRunner.TestRunnerFrameworkTestNG@548a24a]" started-at="2023-08-01T19:40:36 IST" name="tearDownClass" finished-at="2023-08-01T19:40:37 IST" duration-ms="1335" status="PASS">
          <reporter-output>
          </reporter-output>
        </test-method> <!-- tearDownClass -->
      </class> <!-- testRunner.TestRunnerFrameworkTestNG -->
    </test> <!-- Default test -->
  </suite> <!-- Default suite -->
</testng-results>
