<?xml version="1.0" encoding="UTF-8"?>
<!-- Generated by org.testng.reporters.JUnitReportReporter -->
<testsuite hostname="Aayush" failures="2" tests="6" name="testRunner.TestRunnerFrameworkTestNG" time="169.136" errors="0" timestamp="2023-08-01T19:40:38 IST" skipped="0">
  <testcase classname="testRunner.TestRunnerFrameworkTestNG" name="runScenario" time="26.661"/>
  <testcase classname="testRunner.TestRunnerFrameworkTestNG" name="runScenario" time="29.109"/>
  <testcase classname="testRunner.TestRunnerFrameworkTestNG" name="runScenario" time="25.707"/>
  <testcase classname="testRunner.TestRunnerFrameworkTestNG" name="runScenario" time="32.291">
    <failure message="expected [Brocolli] but found [No data]" type="java.lang.AssertionError">
      <![CDATA[java.lang.AssertionError: expected [Brocolli] but found [No data]
at org.testng.Assert.fail(Assert.java:111)
at org.testng.Assert.failNotEquals(Assert.java:1578)
at org.testng.Assert.assertEqualsImpl(Assert.java:150)
at org.testng.Assert.assertEquals(Assert.java:132)
at org.testng.Assert.assertEquals(Assert.java:656)
at org.testng.Assert.assertEquals(Assert.java:666)
at stepDefinationFramework.OfferPageStepDefination.checks_if_product_exists(OfferPageStepDefination.java:33)
at ✽.checks if product exists(file:///D:/Eclipse%20Workspace/SeleniumPuneWorkspace/Cucumber/src/test/java/features/featureFile.feature:9)
]]>
    </failure>
  </testcase> <!-- runScenario -->
  <testcase classname="testRunner.TestRunnerFrameworkTestNG" name="runScenario" time="25.359">
    <failure message="expected [Beetroot] but found [No data]" type="java.lang.AssertionError">
      <![CDATA[java.lang.AssertionError: expected [Beetroot] but found [No data]
at org.testng.Assert.fail(Assert.java:111)
at org.testng.Assert.failNotEquals(Assert.java:1578)
at org.testng.Assert.assertEqualsImpl(Assert.java:150)
at org.testng.Assert.assertEquals(Assert.java:132)
at org.testng.Assert.assertEquals(Assert.java:656)
at org.testng.Assert.assertEquals(Assert.java:666)
at stepDefinationFramework.OfferPageStepDefination.checks_if_product_exists(OfferPageStepDefination.java:33)
at ✽.checks if product exists(file:///D:/Eclipse%20Workspace/SeleniumPuneWorkspace/Cucumber/src/test/java/features/featureFile.feature:9)
]]>
    </failure>
  </testcase> <!-- runScenario -->
  <testcase classname="testRunner.TestRunnerFrameworkTestNG" name="runScenario" time="30.009"/>
</testsuite> <!-- testRunner.TestRunnerFrameworkTestNG -->
